<?xml version="1.0" encoding="UTF-8"?>
<!-- Generated by org.testng.reporters.JUnitReportReporter -->
<testsuite hostname="MSI" failures="0" tests="4" name="StepDefinations.HomeStepsDefination" time="2.837" errors="0" timestamp="2024-02-09T14:37:44 IST" skipped="0">
  <testcase classname="StepDefinations.HomeStepsDefination" name="user_is_on_home_page_after_login" time="2.468"/>
  <system-out/>
  <testcase classname="StepDefinations.HomeStepsDefination" name="Click_on_the_Amount_Button" time="0.271"/>
  <system-out/>
  <testcase classname="StepDefinations.HomeStepsDefination" name="values_of_page_are_sorted" time="0.001"/>
  <system-out/>
  <testcase classname="StepDefinations.HomeStepsDefination" name="close_the_browser" time="0.097"/>
  <system-out/>
</testsuite> <!-- StepDefinations.HomeStepsDefination -->
