<?xml version="1.0" encoding="UTF-8"?>
<!-- Generated by org.testng.reporters.JUnitReportReporter -->
<testsuite hostname="MSI" failures="0" tests="1" name="TestRunner.CucumberTestRunner" time="5.676" errors="0" timestamp="2024-02-09T15:38:55 IST" skipped="0">
  <testcase classname="TestRunner.CucumberTestRunner" name="runScenario" time="5.676"/>
  <system-out/>
</testsuite> <!-- TestRunner.CucumberTestRunner -->
